[    0.000000] Linux version 4.15.0-106-generic (buildd@lcy01-amd64-016) (gcc version 7.5.0 (Ubuntu 7.5.0-3ubuntu1~18.04)) #107-Ubuntu SMP Thu Jun 4 11:27:52 UTC 2020 (Ubuntu 4.15.0-106.107-generic 4.15.18)
[    0.000000] Command line: BOOT_IMAGE=/boot/vmlinuz-4.15.0-106-generic root=LABEL=cloudimg-rootfs ro console=tty1 console=ttyS0
[    0.000000] KERNEL supported cpus:
[    0.000000]   Intel GenuineIntel
[    0.000000]   AMD AuthenticAMD
[    0.000000]   Centaur CentaurHauls
[    0.000000] x86/fpu: Supporting XSAVE feature 0x001: 'x87 floating point registers'
[    0.000000] x86/fpu: Supporting XSAVE feature 0x002: 'SSE registers'
[    0.000000] x86/fpu: Supporting XSAVE feature 0x004: 'AVX registers'
[    0.000000] x86/fpu: xstate_offset[2]:  576, xstate_sizes[2]:  256
[    0.000000] x86/fpu: Enabled xstate features 0x7, context size is 832 bytes, using 'standard' format.
[    0.000000] e820: BIOS-provided physical RAM map:
[    0.000000] BIOS-e820: [mem 0x0000000000000000-0x000000000009fbff] usable
[    0.000000] BIOS-e820: [mem 0x000000000009fc00-0x000000000009ffff] reserved
[    0.000000] BIOS-e820: [mem 0x00000000000f0000-0x00000000000fffff] reserved
[    0.000000] BIOS-e820: [mem 0x0000000000100000-0x000000001ffeffff] usable
[    0.000000] BIOS-e820: [mem 0x000000001fff0000-0x000000001fffffff] ACPI data
[    0.000000] BIOS-e820: [mem 0x00000000fec00000-0x00000000fec00fff] reserved
[    0.000000] BIOS-e820: [mem 0x00000000fee00000-0x00000000fee00fff] reserved
[    0.000000] BIOS-e820: [mem 0x00000000fffc0000-0x00000000ffffffff] reserved
[    0.000000] NX (Execute Disable) protection: active
[    0.000000] SMBIOS 2.5 present.
[    0.000000] DMI: innotek GmbH VirtualBox/VirtualBox, BIOS VirtualBox 12/01/2006
[    0.000000] Hypervisor detected: KVM
[    0.000000] e820: last_pfn = 0x1fff0 max_arch_pfn = 0x400000000
[    0.000000] MTRR: Disabled
[    0.000000] x86/PAT: MTRRs disabled, skipping PAT initialization too.
[    0.000000] CPU MTRRs all blank - virtualized system.
[    0.000000] x86/PAT: Configuration [0-7]: WB  WT  UC- UC  WB  WT  UC- UC  
[    0.000000] found SMP MP-table at [mem 0x0009fff0-0x0009ffff]
[    0.000000] Scanning 1 areas for low memory corruption
[    0.000000] RAMDISK: [mem 0x1dc3f000-0x1eefffff]
[    0.000000] ACPI: Early table checksum verification disabled
[    0.000000] ACPI: RSDP 0x00000000000E0000 000024 (v02 VBOX  )
[    0.000000] ACPI: XSDT 0x000000001FFF0030 00003C (v01 VBOX   VBOXXSDT 00000001 ASL  00000061)
[    0.000000] ACPI: FACP 0x000000001FFF00F0 0000F4 (v04 VBOX   VBOXFACP 00000001 ASL  00000061)
[    0.000000] ACPI: DSDT 0x000000001FFF0470 002325 (v02 VBOX   VBOXBIOS 00000002 INTL 20190509)
[    0.000000] ACPI: FACS 0x000000001FFF0200 000040
[    0.000000] ACPI: FACS 0x000000001FFF0200 000040
[    0.000000] ACPI: APIC 0x000000001FFF0240 000054 (v02 VBOX   VBOXAPIC 00000001 ASL  00000061)
[    0.000000] ACPI: SSDT 0x000000001FFF02A0 0001CC (v01 VBOX   VBOXCPUT 00000002 INTL 20190509)
[    0.000000] No NUMA configuration found
[    0.000000] Faking a node at [mem 0x0000000000000000-0x000000001ffeffff]
[    0.000000] NODE_DATA(0) allocated [mem 0x1ffc5000-0x1ffeffff]
[    0.000000] kvm-clock: cpu 0, msr 0:1ff44001, primary cpu clock
[    0.000000] kvm-clock: Using msrs 4b564d01 and 4b564d00
[    0.000000] kvm-clock: using sched offset of 3724007720 cycles
[    0.000000] clocksource: kvm-clock: mask: 0xffffffffffffffff max_cycles: 0x1cd42e4dffb, max_idle_ns: 881590591483 ns
[    0.000000] Zone ranges:
[    0.000000]   DMA      [mem 0x0000000000001000-0x0000000000ffffff]
[    0.000000]   DMA32    [mem 0x0000000001000000-0x000000001ffeffff]
[    0.000000]   Normal   empty
[    0.000000]   Device   empty
[    0.000000] Movable zone start for each node
[    0.000000] Early memory node ranges
[    0.000000]   node   0: [mem 0x0000000000001000-0x000000000009efff]
[    0.000000]   node   0: [mem 0x0000000000100000-0x000000001ffeffff]
[    0.000000] Reserved but unavailable: 98 pages
[    0.000000] Initmem setup node 0 [mem 0x0000000000001000-0x000000001ffeffff]
[    0.000000] ACPI: PM-Timer IO Port: 0x4008
[    0.000000] IOAPIC[0]: apic_id 1, version 32, address 0xfec00000, GSI 0-23
[    0.000000] ACPI: INT_SRC_OVR (bus 0 bus_irq 0 global_irq 2 dfl dfl)
[    0.000000] ACPI: INT_SRC_OVR (bus 0 bus_irq 9 global_irq 9 low level)
[    0.000000] Using ACPI (MADT) for SMP configuration information
[    0.000000] smpboot: Allowing 1 CPUs, 0 hotplug CPUs
[    0.000000] PM: Registered nosave memory: [mem 0x00000000-0x00000fff]
[    0.000000] PM: Registered nosave memory: [mem 0x0009f000-0x0009ffff]
[    0.000000] PM: Registered nosave memory: [mem 0x000a0000-0x000effff]
[    0.000000] PM: Registered nosave memory: [mem 0x000f0000-0x000fffff]
[    0.000000] e820: [mem 0x20000000-0xfebfffff] available for PCI devices
[    0.000000] Booting paravirtualized kernel on KVM
[    0.000000] clocksource: refined-jiffies: mask: 0xffffffff max_cycles: 0xffffffff, max_idle_ns: 7645519600211568 ns
[    0.000000] random: get_random_bytes called from start_kernel+0x99/0x4fd with crng_init=0
[    0.000000] setup_percpu: NR_CPUS:8192 nr_cpumask_bits:1 nr_cpu_ids:1 nr_node_ids:1
[    0.000000] percpu: Embedded 45 pages/cpu s147456 r8192 d28672 u2097152
[    0.000000] PV qspinlock hash table entries: 256 (order: 0, 4096 bytes)
[    0.000000] Built 1 zonelists, mobility grouping on.  Total pages: 128889
[    0.000000] Policy zone: DMA32
[    0.000000] Kernel command line: BOOT_IMAGE=/boot/vmlinuz-4.15.0-106-generic root=LABEL=cloudimg-rootfs ro console=tty1 console=ttyS0
[    0.000000] Memory: 467132K/523832K available (12300K kernel code, 2481K rwdata, 4272K rodata, 2436K init, 2720K bss, 56700K reserved, 0K cma-reserved)
[    0.000000] SLUB: HWalign=64, Order=0-3, MinObjects=0, CPUs=1, Nodes=1
[    0.000000] Kernel/User page tables isolation: enabled
[    0.000000] ftrace: allocating 39378 entries in 154 pages
[    0.004000] Hierarchical RCU implementation.
[    0.004000] 	RCU restricting CPUs from NR_CPUS=8192 to nr_cpu_ids=1.
[    0.004000] 	Tasks RCU enabled.
[    0.004000] RCU: Adjusting geometry for rcu_fanout_leaf=16, nr_cpu_ids=1
[    0.004000] NR_IRQS: 524544, nr_irqs: 256, preallocated irqs: 16
[    0.004000] Console: colour VGA+ 80x25
[    0.004000] console [tty1] enabled
[    0.004000] console [ttyS0] enabled
[    0.004000] ACPI: Core revision 20170831
[    0.004000] ACPI: 2 ACPI AML tables successfully acquired and loaded
[    0.004000] APIC: Switch to symmetric I/O mode setup
[    0.004000] x2apic enabled
[    0.004000] Switched APIC routing to physical x2apic.
[    0.004000] ..TIMER: vector=0x30 apic1=0 pin1=2 apic2=-1 pin2=-1
[    0.004006] tsc: Detected 2793.652 MHz processor
[    0.005021] Calibrating delay loop (skipped) preset value.. 5587.30 BogoMIPS (lpj=11174608)
[    0.008009] pid_max: default: 32768 minimum: 301
[    0.009034] Security Framework initialized
[    0.009932] Yama: becoming mindful.
[    0.010718] AppArmor: AppArmor initialized
[    0.012092] Dentry cache hash table entries: 65536 (order: 7, 524288 bytes)
[    0.013764] Inode-cache hash table entries: 32768 (order: 6, 262144 bytes)
[    0.015308] Mount-cache hash table entries: 1024 (order: 1, 8192 bytes)
[    0.016007] Mountpoint-cache hash table entries: 1024 (order: 1, 8192 bytes)
[    0.017735] process: using mwait in idle threads
[    0.018733] Last level iTLB entries: 4KB 512, 2MB 8, 4MB 8
[    0.020003] Last level dTLB entries: 4KB 512, 2MB 32, 4MB 32, 1GB 0
[    0.021416] Spectre V1 : Mitigation: usercopy/swapgs barriers and __user pointer sanitization
[    0.022862] Spectre V2 : Mitigation: Full generic retpoline
[    0.024004] Spectre V2 : Spectre v2 / SpectreRSB mitigation: Filling RSB on context switch
[    0.025306] Speculative Store Bypass: Vulnerable
[    0.026090] MDS: Mitigation: Clear CPU buffers
[    0.042777] Freeing SMP alternatives memory: 36K
[    0.153761] smpboot: CPU0: Intel(R) Core(TM) i7-2640M CPU @ 2.80GHz (family: 0x6, model: 0x2a, stepping: 0x7)
[    0.156000] Performance Events: unsupported p6 CPU model 42 no PMU driver, software events only.
[    0.156000] Hierarchical SRCU implementation.
[    0.156547] NMI watchdog: Perf event create on CPU 0 failed with -2
[    0.157852] NMI watchdog: Perf NMI watchdog permanently disabled
[    0.160047] smp: Bringing up secondary CPUs ...
[    0.161024] smp: Brought up 1 node, 1 CPU
[    0.161887] smpboot: Max logical packages: 1
[    0.162802] smpboot: Total of 1 processors activated (5587.30 BogoMIPS)
[    0.164130] devtmpfs: initialized
[    0.164926] x86/mm: Memory block size: 128MB
[    0.165946] evm: security.selinux
[    0.166682] evm: security.SMACK64
[    0.168005] evm: security.SMACK64EXEC
[    0.168812] evm: security.SMACK64TRANSMUTE
[    0.169692] evm: security.SMACK64MMAP
[    0.170486] evm: security.apparmor
[    0.171230] evm: security.ima
[    0.172003] evm: security.capability
[    0.172949] clocksource: jiffies: mask: 0xffffffff max_cycles: 0xffffffff, max_idle_ns: 7645041785100000 ns
[    0.174962] futex hash table entries: 256 (order: 2, 16384 bytes)
[    0.176045] pinctrl core: initialized pinctrl subsystem
[    0.177254] RTC time: 18:52:49, date: 08/06/20
[    0.178302] NET: Registered protocol family 16
[    0.180072] audit: initializing netlink subsys (disabled)
[    0.181328] cpuidle: using governor ladder
[    0.182211] cpuidle: using governor menu
[    0.183093] ACPI: bus type PCI registered
[    0.184003] acpiphp: ACPI Hot Plug PCI Controller Driver version: 0.5
[    0.185441] PCI: Using configuration type 1 for base access
[    0.187099] audit: type=2000 audit(1596739973.768:1): state=initialized audit_enabled=0 res=1
[    0.188964] HugeTLB registered 2.00 MiB page size, pre-allocated 0 pages
[    0.190581] ACPI: Added _OSI(Module Device)
[    0.192006] ACPI: Added _OSI(Processor Device)
[    0.192980] ACPI: Added _OSI(3.0 _SCP Extensions)
[    0.193974] ACPI: Added _OSI(Processor Aggregator Device)
[    0.195116] ACPI: Added _OSI(Linux-Dell-Video)
[    0.196005] ACPI: Added _OSI(Linux-Lenovo-NV-HDMI-Audio)
[    0.197128] ACPI: Added _OSI(Linux-HPI-Hybrid-Graphics)
[    0.198497] ACPI: Executed 1 blocks of module-level executable AML code
[    0.202973] ACPI: Interpreter enabled
[    0.204027] ACPI: (supports S0 S5)
[    0.204935] ACPI: Using IOAPIC for interrupt routing
[    0.206319] PCI: Using host bridge windows from ACPI; if necessary, use "pci=nocrs" and report a bug
[    0.208176] ACPI: Enabled 2 GPEs in block 00 to 07
[    0.216049] ACPI: PCI Root Bridge [PCI0] (domain 0000 [bus 00-ff])
[    0.217434] acpi PNP0A03:00: _OSC: OS supports [ASPM ClockPM Segments MSI]
[    0.219339] acpi PNP0A03:00: _OSC: not requesting OS control; OS requires [ExtendedConfig ASPM ClockPM MSI]
[    0.220014] acpi PNP0A03:00: fail to add MMCONFIG information, can't access extended PCI configuration space under this bridge.
[    0.222394] PCI host bridge to bus 0000:00
[    0.224005] pci_bus 0000:00: root bus resource [io  0x0000-0x0cf7 window]
[    0.225007] pci_bus 0000:00: root bus resource [io  0x0d00-0xffff window]
[    0.225993] pci_bus 0000:00: root bus resource [mem 0x000a0000-0x000bffff window]
[    0.227129] pci_bus 0000:00: root bus resource [mem 0x20000000-0xfdffffff window]
[    0.228003] pci_bus 0000:00: root bus resource [bus 00-ff]
[    0.230489] pci 0000:00:01.1: legacy IDE quirk: reg 0x10: [io  0x01f0-0x01f7]
[    0.232003] pci 0000:00:01.1: legacy IDE quirk: reg 0x14: [io  0x03f6]
[    0.232968] pci 0000:00:01.1: legacy IDE quirk: reg 0x18: [io  0x0170-0x0177]
[    0.234023] pci 0000:00:01.1: legacy IDE quirk: reg 0x1c: [io  0x0376]
[    0.244482] pci 0000:00:07.0: quirk: [io  0x4000-0x403f] claimed by PIIX4 ACPI
[    0.245666] pci 0000:00:07.0: quirk: [io  0x4100-0x410f] claimed by PIIX4 SMB
[    0.252436] ACPI: PCI Interrupt Link [LNKA] (IRQs 5 9 10 *11)
[    0.253772] ACPI: PCI Interrupt Link [LNKB] (IRQs 5 9 *10 11)
[    0.255119] ACPI: PCI Interrupt Link [LNKC] (IRQs 5 *9 10 11)
[    0.256127] ACPI: PCI Interrupt Link [LNKD] (IRQs 5 9 10 *11)
[    0.257770] SCSI subsystem initialized
[    0.258715] pci 0000:00:02.0: vgaarb: setting as boot VGA device
[    0.259979] pci 0000:00:02.0: vgaarb: VGA device added: decodes=io+mem,owns=io+mem,locks=none
[    0.260007] pci 0000:00:02.0: vgaarb: bridge control possible
[    0.260940] vgaarb: loaded
[    0.261437] ACPI: bus type USB registered
[    0.264038] usbcore: registered new interface driver usbfs
[    0.265429] usbcore: registered new interface driver hub
[    0.266808] usbcore: registered new device driver usb
[    0.268101] EDAC MC: Ver: 3.0.0
[    0.269199] PCI: Using ACPI for IRQ routing
[    0.270532] NetLabel: Initializing
[    0.271365] NetLabel:  domain hash size = 128
[    0.272009] NetLabel:  protocols = UNLABELED CIPSOv4 CALIPSO
[    0.274700] NetLabel:  unlabeled traffic allowed by default
[    0.276178] clocksource: Switched to clocksource kvm-clock
[    0.289421] VFS: Disk quotas dquot_6.6.0
[    0.290167] VFS: Dquot-cache hash table entries: 512 (order 0, 4096 bytes)
[    0.291309] AppArmor: AppArmor Filesystem Enabled
[    0.292048] pnp: PnP ACPI init
[    0.293527] pnp: PnP ACPI: found 3 devices
[    0.299776] clocksource: acpi_pm: mask: 0xffffff max_cycles: 0xffffff, max_idle_ns: 2085701024 ns
[    0.301439] NET: Registered protocol family 2
[    0.302277] TCP established hash table entries: 4096 (order: 3, 32768 bytes)
[    0.303373] TCP bind hash table entries: 4096 (order: 4, 65536 bytes)
[    0.304795] TCP: Hash tables configured (established 4096 bind 4096)
[    0.305759] UDP hash table entries: 256 (order: 1, 8192 bytes)
[    0.306650] UDP-Lite hash table entries: 256 (order: 1, 8192 bytes)
[    0.307618] NET: Registered protocol family 1
[    0.308363] pci 0000:00:00.0: Limiting direct PCI/PCI transfers
[    0.309419] pci 0000:00:01.0: Activating ISA DMA hang workarounds
[    0.310380] pci 0000:00:02.0: Video device with shadowed ROM at [mem 0x000c0000-0x000dffff]
[    0.311752] Unpacking initramfs...
[    0.579623] Freeing initrd memory: 19204K
[    0.582457] clocksource: tsc: mask: 0xffffffffffffffff max_cycles: 0x2844d424da3, max_idle_ns: 440795288311 ns
[    0.584622] platform rtc_cmos: registered platform RTC device (no PNP device found)
[    0.586267] Scanning for low memory corruption every 60 seconds
[    0.588527] Initialise system trusted keyrings
[    0.589488] Key type blacklist registered
[    0.590388] workingset: timestamp_bits=36 max_order=17 bucket_order=0
[    0.592589] zbud: loaded
[    0.593550] squashfs: version 4.0 (2009/01/31) Phillip Lougher
[    0.594864] fuse init (API version 7.26)
[    0.596547] Key type asymmetric registered
[    0.597431] Asymmetric key parser 'x509' registered
[    0.598462] Block layer SCSI generic (bsg) driver version 0.4 loaded (major 246)
[    0.600016] io scheduler noop registered
[    0.600894] io scheduler deadline registered
[    0.601821] io scheduler cfq registered (default)
[    0.603007] ACPI: AC Adapter [AC] (on-line)
[    0.603996] input: Power Button as /devices/LNXSYSTM:00/LNXPWRBN:00/input/input0
[    0.605633] ACPI: Power Button [PWRF]
[    0.606477] input: Sleep Button as /devices/LNXSYSTM:00/LNXSLPBN:00/input/input1
[    0.607996] ACPI: Sleep Button [SLPF]
[    0.609677] ACPI: Battery Slot [BAT0] (battery present)
[    0.610857] Serial: 8250/16550 driver, 32 ports, IRQ sharing enabled
[    0.632999] 00:02: ttyS0 at I/O 0x3f8 (irq = 4, base_baud = 115200) is a 16550A
[    0.637156] Linux agpgart interface v0.103
[    0.639818] loop: module loaded
[    0.641011] scsi host0: ata_piix
[    0.641803] scsi host1: ata_piix
[    0.642551] ata1: PATA max UDMA/33 cmd 0x1f0 ctl 0x3f6 bmdma 0xd000 irq 14
[    0.643990] ata2: PATA max UDMA/33 cmd 0x170 ctl 0x376 bmdma 0xd008 irq 15
[    0.645881] libphy: Fixed MDIO Bus: probed
[    0.646772] tun: Universal TUN/TAP device driver, 1.6
[    0.647888] PPP generic driver version 2.4.2
[    0.648880] ehci_hcd: USB 2.0 'Enhanced' Host Controller (EHCI) Driver
[    0.650239] ehci-pci: EHCI PCI platform driver
[    0.651204] ehci-platform: EHCI generic platform driver
[    0.652342] ohci_hcd: USB 1.1 'Open' Host Controller (OHCI) Driver
[    0.653636] ohci-pci: OHCI PCI platform driver
[    0.654810] ohci-platform: OHCI generic platform driver
[    0.655930] uhci_hcd: USB Universal Host Controller Interface driver
[    0.657392] i8042: PNP: PS/2 Controller [PNP0303:PS2K,PNP0f03:PS2M] at 0x60,0x64 irq 1,12
[    0.659688] serio: i8042 KBD port at 0x60,0x64 irq 1
[    0.660853] serio: i8042 AUX port at 0x60,0x64 irq 12
[    0.662007] mousedev: PS/2 mouse device common for all mice
[    0.663420] input: AT Translated Set 2 keyboard as /devices/platform/i8042/serio0/input/input2
[    0.665639] rtc_cmos rtc_cmos: rtc core: registered rtc_cmos as rtc0
[    0.667045] rtc_cmos rtc_cmos: alarms up to one day, 114 bytes nvram
[    0.668737] i2c /dev entries driver
[    0.669595] device-mapper: uevent: version 1.0.3
[    0.670669] device-mapper: ioctl: 4.37.0-ioctl (2017-09-20) initialised: dm-devel@redhat.com
[    0.672672] ledtrig-cpu: registered to indicate activity on CPUs
[    0.674177] NET: Registered protocol family 10
[    0.678777] Segment Routing with IPv6
[    0.679611] NET: Registered protocol family 17
[    0.680676] Key type dns_resolver registered
[    0.681694] mce: Using 0 MCE banks
[    0.682499] RAS: Correctable Errors collector initialized.
[    0.683747] sched_clock: Marking stable (680620666, 0)->(833751270, -153130604)
[    0.685751] registered taskstats version 1
[    0.686655] Loading compiled-in X.509 certificates
[    0.690658] Loaded X.509 cert 'Build time autogenerated kernel key: b1772ce3e036cbf6bf2b7e9ed9be0f8806d61091'
[    0.693116] zswap: loaded using pool lzo/zbud
[    0.697433] Key type big_key registered
[    0.698283] Key type trusted registered
[    0.700963] Key type encrypted registered
[    0.701966] AppArmor: AppArmor sha1 policy hashing enabled
[    0.703131] ima: No TPM chip found, activating TPM-bypass! (rc=-19)
[    0.704585] ima: Allocated hash algorithm: sha1
[    0.705570] evm: HMAC attrs: 0x1
[    0.706509]   Magic number: 0:711:897
[    0.707616] rtc_cmos rtc_cmos: setting system clock to 2020-08-06 18:52:49 UTC (1596739969)
[    0.709022] BIOS EDD facility v0.16 2004-Jun-25, 0 devices found
[    0.709955] EDD information not available.
[    0.830453] Freeing unused kernel image memory: 2436K
[    0.840133] Write protecting the kernel read-only data: 20480k
[    0.842290] Freeing unused kernel image memory: 2008K
[    0.843903] Freeing unused kernel image memory: 1872K
[    0.854550] x86/mm: Checked W+X mappings: passed, no W+X pages found.
[    0.856197] x86/mm: Checking user space page tables
[    0.866873] x86/mm: Checked W+X mappings: passed, no W+X pages found.
Loading, please wait...
starting version 237
[    1.008281] e1000: Intel(R) PRO/1000 Network Driver - version 7.3.21-k8-NAPI
[    1.009450] e1000: Copyright (c) 1999-2006 Intel Corporation.
[    1.021020] Fusion MPT base driver 3.04.20
[    1.021938] Copyright (c) 1999-2008 LSI Corporation
[    1.053661] Fusion MPT SPI Host driver 3.04.20
[    1.065321] AVX version of gcm_enc/dec engaged.
[    1.066458] AES CTR mode by8 optimization enabled
[    1.229525] input: ImExPS/2 Generic Explorer Mouse as /devices/platform/i8042/serio1/input/input4
[    1.432781] e1000 0000:00:03.0 eth0: (PCI:33MHz:32-bit) 02:fc:38:2c:42:7e
[    1.433855] e1000 0000:00:03.0 eth0: Intel(R) PRO/1000 Network Connection
[    1.435828] mptbase: ioc0: Initiating bringup
[    1.532855] ioc0: LSI53C1030 A0: Capabilities={Initiator}
[    1.778435] scsi host2: ioc0: LSI53C1030 A0, FwRev=00000000h, Ports=1, MaxQ=256, IRQ=20
[    1.944531] scsi 2:0:0:0: Direct-Access     VBOX     HARDDISK         1.0  PQ: 0 ANSI: 5
[    1.946443] scsi target2:0:0: Beginning Domain Validation
[    1.950296] random: fast init done
[    1.951292] scsi target2:0:0: Domain Validation skipping write tests
[    1.952806] scsi target2:0:0: Ending Domain Validation
[    1.954238] random: systemd-udevd: uninitialized urandom read (16 bytes read)
[    1.961297] scsi target2:0:0: asynchronous
[    1.964396] scsi 2:0:1:0: Direct-Access     VBOX     HARDDISK         1.0  PQ: 0 ANSI: 5
[    1.968895] random: systemd-udevd: uninitialized urandom read (16 bytes read)
[    1.972719] scsi target2:0:1: Beginning Domain Validation
[    1.976137] random: systemd-udevd: uninitialized urandom read (16 bytes read)
[    1.979477] scsi target2:0:1: Domain Validation skipping write tests
[    1.983240] scsi target2:0:1: Ending Domain Validation
[    1.999881] scsi target2:0:1: asynchronous
[    2.079358] sd 2:0:0:0: [sda] 20971520 512-byte logical blocks: (10.7 GB/10.0 GiB)
[    2.080621] sd 2:0:0:0: Attached scsi generic sg0 type 0
[    2.081622] sd 2:0:0:0: [sda] Write Protect is off
[    2.082556] sd 2:0:0:0: [sda] Incomplete mode parameter data
[    2.083426] sd 2:0:0:0: [sda] Assuming drive cache: write through
[    2.084340] sd 2:0:1:0: [sdb] 20480 512-byte logical blocks: (10.5 MB/10.0 MiB)
[    2.085482] sd 2:0:1:0: Attached scsi generic sg1 type 0
[    2.086341] sd 2:0:1:0: [sdb] Write Protect is off
[    2.087184] sd 2:0:1:0: [sdb] Incomplete mode parameter data
[    2.088466] sd 2:0:1:0: [sdb] Assuming drive cache: write through
[    2.099547]  sda: sda1
[    2.100484] sd 2:0:0:0: [sda] Attached SCSI disk
[    2.147760] sd 2:0:1:0: [sdb] Attached SCSI disk
[    2.366067] e1000 0000:00:08.0 eth1: (PCI:33MHz:32-bit) 08:00:27:c5:85:02
[    2.367475] e1000 0000:00:08.0 eth1: Intel(R) PRO/1000 Network Connection
[    2.370128] e1000 0000:00:08.0 enp0s8: renamed from eth1
[    2.373516] e1000 0000:00:03.0 enp0s3: renamed from eth0
Begin: Loading essential drivers ... [    3.779475] raid6: sse2x1   gen() 11796 MB/s
[    3.846978] raid6: sse2x1   xor()  8095 MB/s
[    3.910694] raid6: sse2x2   gen() 12657 MB/s
[    3.974636] raid6: sse2x2   xor()  8533 MB/s
[    4.038718] raid6: sse2x4   gen() 15130 MB/s
[    4.102889] raid6: sse2x4   xor()  9829 MB/s
[    4.103643] raid6: using algorithm sse2x4 gen() 15130 MB/s
[    4.104940] raid6: .... xor() 9829 MB/s, rmw enabled
[    4.105949] raid6: using ssse3x2 recovery algorithm
[    4.109273] xor: automatically using best checksumming function   avx       
[    4.112384] async_tx: api initialized (async)
done.
Begin: Running /scripts/init-premount ... done.
Begin: Mounting root file system ... Begin: Running /scripts/local-top ... done.
Begin: Running /scripts/local-premount ... [    4.170218] Btrfs loaded, crc32c=crc32c-intel
Scanning for Btrfs filesystems
done.
Warning: fsck not present, so skipping root file system
[    4.248372] EXT4-fs (sda1): mounted filesystem with ordered data mode. Opts: (null)
done.
Begin: Running /scripts/local-bottom ... done.
Begin: Running /scripts/init-bottom ... done.
[    5.208610] ip_tables: (C) 2000-2006 Netfilter Core Team
[    5.284507] systemd[1]: systemd 237 running in system mode. (+PAM +AUDIT +SELINUX +IMA +APPARMOR +SMACK +SYSVINIT +UTMP +LIBCRYPTSETUP +GCRYPT +GNUTLS +ACL +XZ +LZ4 +SECCOMP +BLKID +ELFUTILS +KMOD -IDN2 +IDN -PCRE2 default-hierarchy=hybrid)
[    5.292654] systemd[1]: Detected virtualization oracle.
[    5.294215] systemd[1]: Detected architecture x86-64.

Welcome to [1mUbuntu 18.04.4 LTS[0m!

[    5.312612] systemd[1]: Set hostname to <ubuntu>.
[    5.334642] systemd[1]: Initializing machine ID from random generator.
[    5.337914] systemd[1]: Installed transient /etc/machine-id file.
[    6.588006] systemd[1]: Reached target System Time Synchronized.
[[0;32m  OK  [0m] Reached target System Time Synchronized.
[    6.592279] systemd[1]: Created slice User and Session Slice.
[[0;32m  OK  [0m] Created slice User and Session Slice.
[    6.597260] systemd[1]: Created slice System Slice.
[[0;32m  OK  [0m] Created slice System Slice.
[    6.608313] systemd[1]: Listening on udev Control Socket.
[[0;32m  OK  [0m] Listening on udev Control Socket.
[[0;32m  OK  [0m] Listening on LVM2 metadata daemon socket.
[[0;32m  OK  [0m] Listening on Journal Audit Socket.
[[0;32m  OK  [0m] Listening on Network Service Netlink Socket.
[[0;32m  OK  [0m] Listening on Syslog Socket.
[[0;32m  OK  [0m] Listening on LVM2 poll daemon socket.
[[0;32m  OK  [0m] Listening on Journal Socket.
         Starting Set the console keyboard layout...
[[0;32m  OK  [0m] Listening on udev Kernel Socket.
         Starting udev Coldplug all Devices...
[[0;32m  OK  [0m] Listening on Journal Socket (/dev/log).
         Starting Load Kernel Modules...
[[0;32m  OK  [0m] Reached target Slices.
         Mounting POSIX Message Queue File System...
[[0;32m  OK  [0m] Created slice system-serial\x2dgetty.slice.
         Starting Uncomplicated firewall...
[[0;32m  OK  [0m] Listening on /dev/initctl Compatibility Named Pipe.
[[0;32m  OK  [0m[    6.675478] random: crng init done
[    6.676071] random: 7 urandom warning(s) missed due to ratelimiting
] Started Forward Password Requests to Wall Directory Watch.
         Mounting Kernel Debug File System...
[[0;32m  OK  [0m] Listening on Device-mapper event daemon FIFOs.
         Starting Monitoring of LVM2 mirrors…ng dmeventd or progress polling...
[[0;32m  OK  [0m] Set up automount Arbitrary Executab…rmats File System Automount Point.
[    6.768122] Loading iSCSI transport class v2.0-870.
[[0;32m  OK  [0m] Reached target User and Group Name Lookups.
         Starting Journal Service...
         Mounting Huge Pages File System...
[[0;32m  OK  [0m] Reached target Swap.
         Starting Create list of required st…ce nodes for the current kernel...
         Starting Remount Root and Kernel File Systems...
[[0;32m  OK  [0m] Started Uncomplicated firewall.
[    6.861697] iscsi: registered transport (tcp)
[[0;32m  OK  [0m] Started udev Coldplug all Devices.
[[0;32m  OK  [0m] Mounted POSIX Message Queue File System.
[[0;32m  OK  [0m] Mounted Kernel Debug File System.
[[0;32m  OK  [0m] Mounted Huge Pages File System.
[[0;32m  OK  [0m] Started Create list of required sta…vice nodes for the current kernel.
         Starting Create Static Device Nodes in /dev...
[[0;32m  OK  [0m] Started Journal Service.
[    6.980085] EXT4-fs (sda1): re-mounted. Opts: (null)
[[0;32m  OK  [0m] Started Remount Root and Kernel File Systems.
[    7.064042] iscsi: registered transport (iser)
         Starting Load/Save Random Seed...
         Starting Flush Journal to Persistent Storage...
[[0;32m  OK  [0m] Started Load Kernel Modules.
         Starting Apply Kernel Variables...
         Mounting Kernel Configuration File System...
         Mounting FUSE Control File System...
[[0;32m  OK  [0m] Mounted Kernel Configuration File System.
[[0;32m  OK  [0m] Mounted FUSE Control File System.
[[0;32m  OK  [0m] Started Load/Save Random Seed.
[    7.277223] systemd-journald[400]: Received request to flush runtime journal from PID 1
[[0;32m  OK  [0m] Started LVM2 metadata daemon.
[[0;32m  OK  [0m] Started Create Static Device Nodes in /dev.
         Starting udev Kernel Device Manager...
[[0;32m  OK  [0m] Started Apply Kernel Variables.
[[0;32m  OK  [0m] Started Flush Journal to Persistent Storage.
[[0;32m  OK  [0m] Started Monitoring of LVM2 mirrors,…sing dmeventd or progress polling.
[[0;32m  OK  [0m] Started udev Kernel Device Manager.
[[0;32m  OK  [0m] Found device /dev/ttyS0.
[[0;32m  OK  [0m] Listening on Load/Save RF Kill Switch Status /dev/rfkill Watch.
[[0;32m  OK  [0m] Started Set the console keyboard layout.
[[0;32m  OK  [0m] Started Dispatch Password Requests to Console Directory Watch.
[[0;32m  OK  [0m] Reached target Local Encrypted Volumes.
[[0;32m  OK  [0m] Reached target Local File Systems (Pre).
[[0;32m  OK  [0m] Reached target Local File Systems.
         Starting AppArmor initialization...
         Starting Commit a transient machine-id on disk...
         Starting ebtables ruleset management...
         Starting Set console font and keymap...
         Starting Create Volatile Files and Directories...
         Starting Tell Plymouth To Write Out Runtime Data...
[[0;32m  OK  [0m] Started Tell Plymouth To Write Out Runtime Data.
[[0;32m  OK  [0m] Started Commit a transient machine-id on disk.
[[0;32m  OK  [0m] Started Create Volatile Files and Directories.
         Starting Update UTMP about System Boot/Shutdown...
[[0;32m  OK  [0m] Started Update UTMP about System Boot/Shutdown.
[[0;32m  OK  [0m] Started ebtables ruleset management.
[[0;32m  OK  [0m] Started AppArmor initialization.
         Starting Initial cloud-init job (pre-networking)...
[[0;32m  OK  [0m] Started Set console font and keymap.
[   16.849907] cloud-init[798]: Cloud-init v. 19.4-33-gbb4131a2-0ubuntu1~18.04.1 running 'init-local' at Thu, 06 Aug 2020 18:53:04 +0000. Up 16.08 seconds.
[[0;32m  OK  [0m] Started Initial cloud-init job (pre-networking).
[[0;32m  OK  [0m] Reached target Network (Pre).
         Starting Network Service...
[[0;32m  OK  [0m] Started Network Service.
         Starting Wait for Network to be Configured...
         Starting Network Name Resolution...
[[0;32m  OK  [0m] Started Network Name Resolution.
[[0;32m  OK  [0m] Reached target Network.
[[0;32m  OK  [0m] Reached target Host and Network Name Lookups.
[[0;32m  OK  [0m] Started Wait for Network to be Configured.
         Starting Initial cloud-init job (metadata service crawler)...
[   19.555789] cloud-init[943]: Cloud-init v. 19.4-33-gbb4131a2-0ubuntu1~18.04.1 running 'init' at Thu, 06 Aug 2020 18:53:08 +0000. Up 19.30 seconds.
[   19.559884] cloud-init[943]: ci-info: ++++++++++++++++++++++++++++++++++++++Net device info+++++++++++++++++++++++++++++++++++++++
[   19.564412] cloud-init[943]: ci-info: +--------+-------+----------------------------+---------------+--------+-------------------+
[   19.567116] cloud-init[943]: ci-info: | Device |   Up  |          Address           |      Mask     | Scope  |     Hw-Address    |
[   19.569153] cloud-init[943]: ci-info: +--------+-------+----------------------------+---------------+--------+-------------------+
[   19.570733] cloud-init[943]: ci-info: | enp0s3 |  True |         10.0.2.15          | 255.255.255.0 | global | 02:fc:38:2c:42:7e |
[   19.574315] cloud-init[943]: ci-info: | enp0s3 |  True | fe80::fc:38ff:fe2c:427e/64 |       .       |  link  | 02:fc:38:2c:42:7e |
[   19.576519] cloud-init[943]: ci-info: | enp0s8 | False |             .              |       .       |   .    | 08:00:27:c5:85:02 |
[   19.579322] cloud-init[943]: ci-info: |   lo   |  True |         127.0.0.1          |   255.0.0.0   |  host  |         .         |
[   19.581373] cloud-init[943]: ci-info: |   lo   |  True |          ::1/128           |       .       |  host  |         .         |
[   19.583436] cloud-init[943]: ci-info: +--------+-------+----------------------------+---------------+--------+-------------------+
[   19.585404] cloud-init[943]: ci-info: ++++++++++++++++++++++++++++Route IPv4 info+++++++++++++++++++++++++++++
[   19.588274] cloud-init[943]: ci-info: +-------+-------------+----------+-----------------+-----------+-------+
[   19.590003] cloud-init[943]: ci-info: | Route | Destination | Gateway  |     Genmask     | Interface | Flags |
[   19.591800] cloud-init[943]: ci-info: +-------+-------------+----------+-----------------+-----------+-------+
[   19.594244] cloud-init[943]: ci-info: |   0   |   0.0.0.0   | 10.0.2.2 |     0.0.0.0     |   enp0s3  |   UG  |
[   19.596090] cloud-init[943]: ci-info: |   1   |   10.0.2.0  | 0.0.0.0  |  255.255.255.0  |   enp0s3  |   U   |
[   19.599494] cloud-init[943]: ci-info: |   2   |   10.0.2.2  | 0.0.0.0  | 255.255.255.255 |   enp0s3  |   UH  |
[   19.602150] cloud-init[943]: ci-info: +-------+-------------+----------+-----------------+-----------+-------+
[   19.605135] cloud-init[943]: ci-info: +++++++++++++++++++Route IPv6 info+++++++++++++++++++
[   19.606809] cloud-init[943]: ci-info: +-------+-------------+---------+-----------+-------+
[   19.608459] cloud-init[943]: ci-info: | Route | Destination | Gateway | Interface | Flags |
[   19.610155] cloud-init[943]: ci-info: +-------+-------------+---------+-----------+-------+
[   19.620724] cloud-init[943]: ci-info: |   1   |  fe80::/64  |    ::   |   enp0s3  |   U   |
[   19.622686] cloud-init[943]: ci-info: |   3   |    local    |    ::   |   enp0s3  |   U   |
[   19.624450] cloud-init[943]: ci-info: |   4   |   ff00::/8  |    ::   |   enp0s3  |   U   |
[   19.625872] cloud-init[943]: ci-info: +-------+-------------+---------+-----------+-------+
[   21.968377] cloud-init[943]: Generating public/private rsa key pair.
[   21.970360] cloud-init[943]: Your identification has been saved in /etc/ssh/ssh_host_rsa_key.
[   21.972399] cloud-init[943]: Your public key has been saved in /etc/ssh/ssh_host_rsa_key.pub.
[   21.976312] cloud-init[943]: The key fingerprint is:
[   21.977212] cloud-init[943]: SHA256:kR1cqVGSYNsUmIJaBSaze/dW0ViHZMhiEH8+/ArSRUE root@ubuntu-bionic
[   21.980308] cloud-init[943]: The key's randomart image is:
[   21.981413] cloud-init[943]: +---[RSA 2048]----+
[   21.982375] cloud-init[943]: |  o o++ooBEB*o.  |
[   21.999967] cloud-init[943]: |   =o .o=**Oo.   |
[   22.000924] cloud-init[943]: |  .o   o=.Bo.    |
[   22.001706] cloud-init[943]: |  ..     *..     |
[   22.002668] cloud-init[943]: |  . . . S *      |
[   22.003594] cloud-init[943]: |   . . o o o     |
[   22.005809] cloud-init[943]: |      . =   .    |
[   22.024064] cloud-init[943]: |       o . .     |
[   22.025062] cloud-init[943]: |          .      |
[   22.026071] cloud-init[943]: +----[SHA256]-----+
[   22.028336] cloud-init[943]: Generating public/private dsa key pair.
[   22.032325] cloud-init[943]: Your identification has been saved in /etc/ssh/ssh_host_dsa_key.
[   22.034985] cloud-init[943]: Your public key has been saved in /etc/ssh/ssh_host_dsa_key.pub.
[   22.036657] cloud-init[943]: The key fingerprint is:
[   22.037526] cloud-init[943]: SHA256:XEK//hQm++bB7/npt5K1kUCkngAIhVzDglRpGun6z+g root@ubuntu-bionic
[   22.039064] cloud-init[943]: The key's randomart image is:
[   22.056241] cloud-init[943]: +---[DSA 1024]----+
[   22.057325] cloud-init[943]: |..=oB+...   ..   |
[   22.058339] cloud-init[943]: | + * o....  ..   |
[   22.059492] cloud-init[943]: |. + .   ..o..    |
[   22.060574] cloud-init[943]: | o     . oo...   |
[   22.061706] cloud-init[943]: |.       S ooo . .|
[   22.062703] cloud-init[943]: |.        . = . + |
[   22.064397] cloud-init[943]: | .        o + o o|
[   22.068397] cloud-init[943]: |  .o       +.= oo|
[   22.069264] cloud-init[943]: | .E.o      o+.*=+|
[[   22.089141] cloud-init[943]: +----[SHA256]-----+
[   22.089921] cloud-init[943]: Generating public/private ecdsa key pair.
[   22.090976] cloud-init[943]: Your identification has been saved in /etc/ssh/ssh_host_ecdsa_key.
[   22.092029] cloud-init[943]: Your public key has been saved in /etc/ssh/ssh_host_ecdsa_key.pub.
[0;32m  OK  [0m] Started Initial cloud-init job (metadata service crawler).
[[0;32m  OK  [0m] Reached target System Initialization.
[[0;32m  OK  [0m] Started Daily Cleanup of Temporary Directories.
[[0;32m  OK  [0m] Listening on Open-iSCSI iscsid Socket.
[[0;32m  OK  [0m] Started Daily apt download activities.
[[0;32m  OK  [0m] Listening on D-Bus System Message Bus Socket.
[[0;32m  OK  [0m] Listening on ACPID Listen Socket.
[   22.105308] cloud-init[943]: The key fingerprint is:
[   22.107442] cloud-init[943]: SHA256:WGXspSrkk+ZBI9EljvjNeRikkhzPMl7xdp9o3zmMWS8 root@ubuntu-bionic
[   22.109161] cloud-init[943]: The key's randomart image is:
[   22.110033] cloud-init[943]: +---[ECDSA 256]---+
[   22.112287] cloud-init[943]: |  . ..o...o      |
[   22.115609] cloud-init[943]: | . *.B.. o. .    |
[   22.116521] cloud-init[943]: |  B *.= o. o     |
[   22.117521] cloud-init[943]: | . *.++B oo.     |
[   22.120258] cloud-init[943]: |  . .=*oS.o .    |
[   22.121058] cloud-init[943]: |      Bo.. * o   |
[   22.122434] cloud-init[943]: |     o +  + E .  |
[   22.124254] cloud-init[943]: |      .      o   |
[   22.125096] cloud-init[943]: |                 |
         [   22.142548] cloud-init[943]: +----[SHA256]-----+
[   22.143413] cloud-init[943]: Generating public/private ed25519 key pair.Starting LXD - unix socket.
[[0;32m  OK  [0m] Started Discard unused blocks once a week.
         Starting Socket activation for snappy daemon.

[   22.148251] cloud-init[943]: Your identification has been saved in /etc/ssh/ssh_host_ed25519_key.
[   22.152580] cloud-init[943]: Your public key has been saved in /etc/ssh/ssh_host_ed25519_key.pub.
[   22.154260] cloud-init[943]: The key fingerprint is:
[   22.155934] cloud-init[943]: SHA256:shMph1M2FMMCftG659RIGbLuJhYESoGF9456TRBAIps root@ubuntu-bionic
[   22.157366] cloud-init[943]: The key's randomart image is:
[   22.158617] cloud-init[943]: [[0;32m  OK  [0m] Started ACPI Events Check.
[[0;32m  OK  [0m] Started Daily apt upgrade and clean activities.
[[0;32m  OK  [0m] Reached target Paths.
[[0;32m  OK  [0m] Started Message of the Day.
[[0;32m  OK  [0m] Reached target Timers.
[[0;32m  OK  [0m] Listening on UUID daemon activation socket.
[[0;32m  OK  [0m] Reached target Network is Online.
+--[ED25519 256]--+
[   22.168214] cloud-init[943]: |**+..o+.         |
[   22.169708] cloud-init[943]: |*=o oo+.         |
         [   22.196512] cloud-init[943]: |Eo.o.=+o         |
[   22.197413] cloud-init[943]: |. o.++oo         |
[   2         Stopping Session 5 of user vagrant.
[[0;32m  OK  [0m] Stopped target Timers.
[[0;32m  OK  [0m] Stopped Message of the Day.
[[0;32m  OK  [0m] Stopped Daily apt upgrade and clean activities.
[[0;32m  OK  [0m] Stopped Discard unused blocks once a week.
[[0;32m  OK  [0m] Stopped Daily apt download activities.
[[0;32m  OK  [0m] Stopped target Graphical Interface.
         Stopping Authorization Manager...
         Stopping User Manager for UID 1000...
[[0;32m  OK  [0m] Closed Load/Save RF Kill Switch Status /dev/rfkill Watch.
         Stopping Accounts Service...
[[0;32m  OK  [0m] Stopped Daily Cleanup of Temporary Directories.
[[0;32m  OK  [0m] Stopped target Cloud-init target.
[[0;32m  OK  [0m] Stopped Execute cloud user/final scripts.
[[0;32m  OK  [0m] Stopped target Multi-User System.
         Stopping LXD - container startup/shutdown...
         Stopping FUSE filesystem for LXC...
         Stopping System Logging Service...
         Stopping Regular background program processing daemon...
         Stopping Dispatcher daemon for systemd-networkd...
         Stopping LSB: automatic crash report generation...
         Stopping LSB: Record successful boot for GRUB...
         Stopping Virtualbox guest utils...
         Stopping The Apache HTTP Server...
[[0;32m  OK  [0m] Stopped target Login Prompts.
         Stopping Getty on tty1...
         Stopping Serial Getty on ttyS0...
         Stopping Deferred execution scheduler...
         Stopping D-Bus System Message Bus...
         Stopping OpenBSD Secure Shell server...
         Stopping irqbalance daemon...
[[0;32m  OK  [0m] Stopped Apply the settings specified in cloud-config.
[[0;32m  OK  [0m] Stopped target Cloud-config availability.
[[0;32m  OK  [0m] Stopped Wait until snapd is fully seeded.
[[0;32m  OK  [0m] Stopped target Network is Online.
[[0;32m  OK  [0m] Stopped Clean PHP session files every 30 mins.
[[0;32m  OK  [0m] Stopped target System Time Synchronized.
         Stopping Availability of block devices...
[[0;32m  OK  [0m] Unmounted /var/lib/lxcfs.
[[0;32m  OK  [0m] Stopped Accounts Service.
[[0;32m  OK  [0m] Stopped System Logging Service.
[[0;32m  OK  [0m] Stopped irqbalance daemon.
[[0;32m  OK  [0m] Stopped Dispatcher daemon for systemd-networkd.
[[0;32m  OK  [0m] Stopped Regular background program processing daemon.
[[0;32m  OK  [0m] Stopped Deferred execution scheduler.
[[0;32m  OK  [0m] Stopped Serial Getty on ttyS0.
[[0;32m  OK  [0m] Stopped Getty on tty1.
[[0;32m  OK  [0m] Stopped Authorization Manager.
[[0;32m  OK  [0m] Stopped OpenBSD Secure Shell server.
[[0;32m  OK  [0m] Stopped User Manager for UID 1000.
[[0;32m  OK  [0m] Stopped D-Bus System Message Bus.
[[0;32m  OK  [0m] Stopped Availability of block devices.
[[0;32m  OK  [0m] Stopped FUSE filesystem for LXC.
[[0;32m  OK  [0m] Stopped Session 5 of user vagrant.
[[0;32m  OK  [0m] Removed slice User Slice of vagrant.
         Stopping Login Service...
[[0;32m  OK  [0m] Removed slice system-getty.slice.
         Stopping Permit User Sessions...
[[0;32m  OK  [0m] Removed slice system-serial\x2dgetty.slice.
[[0;32m  OK  [0m] Stopped The Apache HTTP Server.
[[0;32m  OK  [0m] Stopped LXD - container startup/shutdown.
[[0;32m  OK  [0m] Stopped LSB: Record successful boot for GRUB.
[[0;32m  OK  [0m] Stopped Permit User Sessions.
[[0;32m  OK  [0m] Stopped target Host and Network Name Lookups.
[[0;32m  OK  [0m] Stopped target Network.
         Stopping Network Name Resolution...
[[0;32m  OK  [0m] Stopped LSB: automatic crash report generation.
[[0;32m  OK  [0m] Stopped target Remote File Systems.
[[0;32m  OK  [0m] Stopped target Remote File Systems (Pre).
[[0;32m  OK  [0m] Stopped Network Name Resolution.
         Stopping Network Service...
[[0;32m  OK  [0m] Stopped Virtualbox guest utils.
[[0;32m  OK  [0m] Stopped Login Service.
[[0;32m  OK  [0m] Stopped target Basic System.
[[0;32m  OK  [0m] Stopped target Sockets.
[[0;32m  OK  [0m] Closed ACPID Listen Socket.
[[0;32m  OK  [0m] Closed Open-iSCSI iscsid Socket.
[[0;32m  OK  [0m] Closed Syslog Socket.
[[0;32m  OK  [0m] Closed Socket activation for snappy daemon.
[[0;32m  OK  [0m] Closed LXD - unix socket.
[[0;32m  OK  [0m] Closed UUID daemon activation socket.
[[0;32m  OK  [0m] Stopped target Slices.
[[0;32m  OK  [0m] Stopped target Paths.
[[0;32m  OK  [0m] Stopped ACPI Events Check.
[[0;32m  OK  [0m] Stopped target User and Group Name Lookups.
[[0;32m  OK  [0m] Removed slice User and Session Slice.
[[0;32m  OK  [0m] Closed D-Bus System Message Bus Socket.
[[0;32m  OK  [0m] Stopped target System Initialization.
         Stopping Load/Save Random Seed...
         Stopping Update UTMP about System Boot/Shutdown...
[[0;32m  OK  [0m] Stopped Initial cloud-init job (metadata service crawler).
[[0;32m  OK  [0m] Stopped target Local Encrypted Volumes.
[[0;32m  OK  [0m] Stopped Dispatch Password Requests to Console Directory Watch.
[[0;32m  OK  [0m] Stopped Forward Password Requests to Wall Directory Watch.
[[0;32m  OK  [0m] Stopped Network Service.
[[0;32m  OK  [0m] Stopped Load/Save Random Seed.
[[0;32m  OK  [0m] Stopped Apply Kernel Variables.
[[0;32m  OK  [0m] Stopped Load Kernel Modules.
[[0;32m  OK  [0m] Stopped target Network (Pre).
[[0;32m  OK  [0m] Stopped Initial cloud-init job (pre-networking).
[[0;32m  OK  [0m] Stopped Update UTMP about System Boot/Shutdown.
[[0;32m  OK  [0m] Stopped Create Volatile Files and Directories.
[[0;32m  OK  [0m] Stopped target Local File Systems.
         Unmounting /configs...
         Unmounting /tmp/vagrant-puppet/mani…987fd5f72c17d54c08031a1c4913b39...
         Unmounting /run/user/1000...
         Unmounting /vagrant...
[[0;32m  OK  [0m] Unmounted /run/user/1000.
[[0;32m  OK  [0m] Unmounted /configs.
[[0;32m  OK  [0m] Unmounted /tmp/vagrant-puppet/manif…-1987fd5f72c17d54c08031a1c4913b39.
[[0;32m  OK  [0m] Unmounted /vagrant.
[[0;32m  OK  [0m] Reached target Unmount All Filesystems.
[[0;32m  OK  [0m] Stopped target Local File Systems (Pre).
[[0;32m  OK  [0m] Stopped Remount Root and Kernel File Systems.
         Stopping Monitoring of LVM2 mirrors…ng dmeventd or progress polling...
[[0;32m  OK  [0m] Stopped Create Static Device Nodes in /dev.
[[0;32m  OK  [0m] Stopped target Swap.
[[0;32m  OK  [0m] Reached target Shutdown.
[[0;32m  OK  [0m] Reached target Final Step.
         Starting Power-Off...
[ 3071.827373] reboot: Power down
t: Power down
enBSD Secure Shell server...
[[0;32m  OK  [0m] Stopped Wait until snapd is fully seeded.
         Stopping Deferred execution scheduler...
         Stopping Dispatcher daemon for systemd-networkd...
[[0;32m  OK  [0m] Stopped target Login Prompts.
         Stopping Getty on tty1...
         Stopping Serial Getty on ttyS0...
         Stopping Regular background program processing daemon...
         Stopping System Logging Service...
         Stopping Virtualbox guest utils...
         Stopping FUSE filesystem for LXC...
         Stopping LSB: Record successful boot for GRUB...
         Stopping LSB: automatic crash report generation...
         Stopping LXD - container startup/shutdown...
         Stopping Ubuntu FAN network setup...
[[0;32m  OK  [0m] Stopped Message of the Day.
[[0;32m  OK  [0m] Stopped target System Time Synchronized.
         Stopping Docker Application Container Engine...
         Stopping Availability of block devices...
         Stopping D-Bus System Message Bus...
[[0;32m  OK  [0m] Unmounted /var/lib/lxcfs.
[[0;32m  OK  [0m] Stopped Dispatcher daemon for systemd-networkd.
[[0;32m  OK  [0m] Stopped System Logging Service.
[[0;32m  OK  [0m] Stopped Regular background program processing daemon.
[[0;32m  OK  [0m] Stopped Deferred execution scheduler.
[[0;32m  OK  [0m] Stopped Accounts Service.
[[0;32m  OK  [0m] Stopped Serial Getty on ttyS0.
[[0;32m  OK  [0m] Stopped Getty on tty1.
[[0;32m  OK  [0m] Stopped Authorization Manager.
[[0;32m  OK  [0m] Stopped OpenBSD Secure Shell server.
[[0;32m  OK  [0m] Stopped Docker Application Container Engine.
[[0;32m  OK  [0m] Stopped User Manager for UID 1000.
[[0;32m  OK  [0m] Stopped Session 7 of user vagrant.
[[0;32m  OK  [0m] Removed slice User Slice of vagrant.
         Stopping Login Service...
         Stopping containerd container runtime...
[[0;32m  OK  [0m] Removed slice system-getty.slice.
[[0;32m  OK  [0m] Removed slice system-serial\x2dgetty.slice.
         Stopping Permit User Sessions...
[[0;32m  OK  [0m] Stopped Login Service.
[[0;32m  OK  [0m] Stopped containerd container runtime.
[[0;32m  OK  [0m] Stopped D-Bus System Message Bus.
[[0;32m  OK  [0m] Stopped FUSE filesystem for LXC.
[[0;32m  OK  [0m] Stopped LXD - container startup/shutdown.
[[0;32m  OK  [0m] Stopped Permit User Sessions.
[[0;32m  OK  [0m] Stopped target User and Group Name Lookups.
[[0;32m  OK  [0m] Stopped Availability of block devices.
[[0;32m  OK  [0m] Stopped Ubuntu FAN network setup.
[[0;32m  OK  [0m] Stopped target Network is Online.
[[0;32m  OK  [0m] Stopped target Network.
         Stopping Network Name Resolution...
[[0;32m  OK  [0m] Stopped LSB: Record successful boot for GRUB.
[[0;32m  OK  [0m] Stopped Network Name Resolution.
         Stopping Network Service...
[[0;32m  OK  [0m] Stopped Network Service.
[[0;32m  OK  [0m] Stopped target Network (Pre).
[[0;32m  OK  [0m] Stopped LSB: automatic crash report generation.
[[0;32m  OK  [0m] Stopped target Remote File Systems.
[[0;32m  OK  [0m] Stopped target Remote File Systems (Pre).
[[0;32m  OK  [0m] Stopped Virtualbox guest utils.
[[0;32m  OK  [0m] Stopped target Basic System.
[[0;32m  OK  [0m] Stopped target Paths.
[[0;32m  OK  [0m] Stopped ACPI Events Check.
[[0;32m  OK  [0m] Stopped target Slices.
[[0;32m  OK  [0m] Removed slice User and Session Slice.
[[0;32m  OK  [0m] Stopped target Sockets.
[[0;32m  OK  [0m] Closed LXD - unix socket.
[[0;32m  OK  [0m] Closed Syslog Socket.
[[0;32m  OK  [0m] Closed Socket activation for snappy daemon.
[[0;32m  OK  [0m] Closed ACPID Listen Socket.
[[0;32m  OK  [0m] Closed Docker Socket for the API.
[[0;32m  OK  [0m] Closed Open-iSCSI iscsid Socket.
[[0;32m  OK  [0m] Closed D-Bus System Message Bus Socket.
[[0;32m  OK  [0m] Closed UUID daemon activation socket.
[[0;32m  OK  [0m] Stopped target System Initialization.
[[0;32m  OK  [0m] Stopped Apply Kernel Variables.
[[0;32m  OK  [0m] Stopped target Local Encrypted Volumes.
[[0;32m  OK  [0m] Stopped Dispatch Password Requests to Console Directory Watch.
[[0;32m  OK  [0m] Stopped Forward Password Requests to Wall Directory Watch.
         Stopping Update UTMP about System Boot/Shutdown...
[[0;32m  OK  [0m] Stopped Load Kernel Modules.
[[0;32m  OK  [0m] Stopped Initial cloud-init job (metadata service crawler).
[[0;32m  OK  [0m] Stopped Commit a transient machine-id on disk.
[[0;32m  OK  [0m] Stopped Initial cloud-init job (pre-networking).
         Stopping Load/Save Random Seed...
[[0;32m  OK  [0m] Stopped Update UTMP about System Boot/Shutdown.
[[0;32m  OK  [0m] Stopped Load/Save Random Seed.
[[0;32m  OK  [0m] Stopped Create Volatile Files and Directories.
[[0;32m  OK  [0m] Stopped target Local File Systems.
         Unmounting /run/user/1000...
         Unmounting /vagrant...
[[0;32m  OK  [0m] Unmounted /run/user/1000.
[[0;32m  OK  [0m] Stopped target Swap.
[[0;32m  OK  [0m] Unmounted /vagrant.
[[0;32m  OK  [0m] Reached target Unmount All Filesystems.
[[0;32m  OK  [0m] Stopped target Local File Systems (Pre).
[[0;32m  OK  [0m] Stopped Remount Root and Kernel File Systems.
[[0;32m  OK  [0m] Stopped Create Static Device Nodes in /dev.
[[0;32m  OK  [0m] Reached target Shutdown.
[[0;32m  OK  [0m] Reached target Final Step.
         Starting Power-Off...
         Stopping Monitoring of LVM2 mirrors…ng dmeventd or progress polling...
[ 1238.354577] reboot: Power down
